

Started GET "/post" for 127.0.0.1 at 2015-01-04 01:05:08 +0800

ActionController::RoutingError (No route matches [GET] "/post"):
  actionpack (4.1.6) lib/action_dispatch/middleware/debug_exceptions.rb:21:in `call'
  actionpack (4.1.6) lib/action_dispatch/middleware/show_exceptions.rb:30:in `call'
  railties (4.1.6) lib/rails/rack/logger.rb:38:in `call_app'
  railties (4.1.6) lib/rails/rack/logger.rb:20:in `block in call'
  activesupport (4.1.6) lib/active_support/tagged_logging.rb:68:in `block in tagged'
  activesupport (4.1.6) lib/active_support/tagged_logging.rb:26:in `tagged'
  activesupport (4.1.6) lib/active_support/tagged_logging.rb:68:in `tagged'
  railties (4.1.6) lib/rails/rack/logger.rb:20:in `call'
  actionpack (4.1.6) lib/action_dispatch/middleware/request_id.rb:21:in `call'
  rack (1.5.2) lib/rack/methodoverride.rb:21:in `call'
  rack (1.5.2) lib/rack/runtime.rb:17:in `call'
  activesupport (4.1.6) lib/active_support/cache/strategy/local_cache_middleware.rb:26:in `call'
  rack (1.5.2) lib/rack/lock.rb:17:in `call'
  actionpack (4.1.6) lib/action_dispatch/middleware/static.rb:64:in `call'
  rack (1.5.2) lib/rack/sendfile.rb:112:in `call'
  railties (4.1.6) lib/rails/engine.rb:514:in `call'
  railties (4.1.6) lib/rails/application.rb:144:in `call'
  rack-test (0.6.2) lib/rack/mock_session.rb:30:in `request'
  rack-test (0.6.2) lib/rack/test.rb:230:in `process_request'
  rack-test (0.6.2) lib/rack/test.rb:123:in `request'
  actionpack (4.1.6) lib/action_dispatch/testing/integration.rb:309:in `process'
  actionpack (4.1.6) lib/action_dispatch/testing/integration.rb:32:in `get'
  (irb):24:in `irb_binding'
  /Users/xieyunzi/.rvm/rubies/ruby-2.1.3/lib/ruby/2.1.0/irb/workspace.rb:86:in `eval'
  /Users/xieyunzi/.rvm/rubies/ruby-2.1.3/lib/ruby/2.1.0/irb/workspace.rb:86:in `evaluate'
  /Users/xieyunzi/.rvm/rubies/ruby-2.1.3/lib/ruby/2.1.0/irb/context.rb:380:in `evaluate'
  /Users/xieyunzi/.rvm/rubies/ruby-2.1.3/lib/ruby/2.1.0/irb.rb:492:in `block (2 levels) in eval_input'
  /Users/xieyunzi/.rvm/rubies/ruby-2.1.3/lib/ruby/2.1.0/irb.rb:624:in `signal_status'
  /Users/xieyunzi/.rvm/rubies/ruby-2.1.3/lib/ruby/2.1.0/irb.rb:489:in `block in eval_input'
  /Users/xieyunzi/.rvm/rubies/ruby-2.1.3/lib/ruby/2.1.0/irb/ruby-lex.rb:247:in `block (2 levels) in each_top_level_statement'
  /Users/xieyunzi/.rvm/rubies/ruby-2.1.3/lib/ruby/2.1.0/irb/ruby-lex.rb:233:in `loop'
  /Users/xieyunzi/.rvm/rubies/ruby-2.1.3/lib/ruby/2.1.0/irb/ruby-lex.rb:233:in `block in each_top_level_statement'
  /Users/xieyunzi/.rvm/rubies/ruby-2.1.3/lib/ruby/2.1.0/irb/ruby-lex.rb:232:in `catch'
  /Users/xieyunzi/.rvm/rubies/ruby-2.1.3/lib/ruby/2.1.0/irb/ruby-lex.rb:232:in `each_top_level_statement'
  /Users/xieyunzi/.rvm/rubies/ruby-2.1.3/lib/ruby/2.1.0/irb.rb:488:in `eval_input'
  /Users/xieyunzi/.rvm/rubies/ruby-2.1.3/lib/ruby/2.1.0/irb.rb:397:in `block in start'
  /Users/xieyunzi/.rvm/rubies/ruby-2.1.3/lib/ruby/2.1.0/irb.rb:396:in `catch'
  /Users/xieyunzi/.rvm/rubies/ruby-2.1.3/lib/ruby/2.1.0/irb.rb:396:in `start'
  railties (4.1.6) lib/rails/commands/console.rb:90:in `start'
  railties (4.1.6) lib/rails/commands/console.rb:9:in `start'
  railties (4.1.6) lib/rails/commands/commands_tasks.rb:69:in `console'
  railties (4.1.6) lib/rails/commands/commands_tasks.rb:40:in `run_command!'
  railties (4.1.6) lib/rails/commands.rb:17:in `<top (required)>'
  activesupport (4.1.6) lib/active_support/dependencies.rb:247:in `require'
  activesupport (4.1.6) lib/active_support/dependencies.rb:247:in `block in require'
  activesupport (4.1.6) lib/active_support/dependencies.rb:232:in `load_dependency'
  activesupport (4.1.6) lib/active_support/dependencies.rb:247:in `require'
  bin/rails:8:in `<top (required)>'
  activesupport (4.1.6) lib/active_support/dependencies.rb:241:in `load'
  activesupport (4.1.6) lib/active_support/dependencies.rb:241:in `block in load'
  activesupport (4.1.6) lib/active_support/dependencies.rb:232:in `load_dependency'
  activesupport (4.1.6) lib/active_support/dependencies.rb:241:in `load'
  /Users/xieyunzi/.rvm/rubies/ruby-2.1.3/lib/ruby/2.1.0/rubygems/core_ext/kernel_require.rb:55:in `require'
  /Users/xieyunzi/.rvm/rubies/ruby-2.1.3/lib/ruby/2.1.0/rubygems/core_ext/kernel_require.rb:55:in `require'
  -e:1:in `<main>'


  Rendered /Users/xieyunzi/.rvm/rubies/ruby-2.1.3/lib/ruby/gems/2.1.0/gems/actionpack-4.1.6/lib/action_dispatch/middleware/templates/rescues/_trace.html.erb (7.5ms)
  Rendered /Users/xieyunzi/.rvm/rubies/ruby-2.1.3/lib/ruby/gems/2.1.0/gems/actionpack-4.1.6/lib/action_dispatch/middleware/templates/routes/_route.html.erb (2.0ms)
  Rendered /Users/xieyunzi/.rvm/rubies/ruby-2.1.3/lib/ruby/gems/2.1.0/gems/actionpack-4.1.6/lib/action_dispatch/middleware/templates/routes/_table.html.erb (10.6ms)
  Rendered /Users/xieyunzi/.rvm/rubies/ruby-2.1.3/lib/ruby/gems/2.1.0/gems/actionpack-4.1.6/lib/action_dispatch/middleware/templates/rescues/routing_error.html.erb within rescues/layout (80.9ms)


Started GET "/" for 127.0.0.1 at 2015-01-04 01:05:50 +0800
Processing by Rails::WelcomeController#index as HTML
  Rendered /Users/xieyunzi/.rvm/rubies/ruby-2.1.3/lib/ruby/gems/2.1.0/gems/railties-4.1.6/lib/rails/templates/rails/welcome/index.html.erb (1.2ms)
Completed 200 OK in 17ms (Views: 5.1ms | ActiveRecord: 0.0ms)


Started GET "/" for 127.0.0.1 at 2015-01-04 01:05:55 +0800
Processing by Rails::WelcomeController#index as HTML
  Rendered /Users/xieyunzi/.rvm/rubies/ruby-2.1.3/lib/ruby/gems/2.1.0/gems/railties-4.1.6/lib/rails/templates/rails/welcome/index.html.erb (0.0ms)
Completed 200 OK in 1ms (Views: 0.8ms | ActiveRecord: 0.0ms)


Started GET "/" for 127.0.0.1 at 2015-01-04 01:06:00 +0800
Processing by Rails::WelcomeController#index as HTML
  Rendered /Users/xieyunzi/.rvm/rubies/ruby-2.1.3/lib/ruby/gems/2.1.0/gems/railties-4.1.6/lib/rails/templates/rails/welcome/index.html.erb (0.0ms)
Completed 200 OK in 1ms (Views: 0.9ms | ActiveRecord: 0.0ms)


Started GET "/" for 127.0.0.1 at 2015-01-04 01:06:02 +0800
Processing by Rails::WelcomeController#index as HTML
  Rendered /Users/xieyunzi/.rvm/rubies/ruby-2.1.3/lib/ruby/gems/2.1.0/gems/railties-4.1.6/lib/rails/templates/rails/welcome/index.html.erb (0.1ms)
Completed 200 OK in 1ms (Views: 1.0ms | ActiveRecord: 0.0ms)


Started GET "/" for 127.0.0.1 at 2015-01-04 01:06:07 +0800
Processing by Rails::WelcomeController#index as HTML
  Rendered /Users/xieyunzi/.rvm/rubies/ruby-2.1.3/lib/ruby/gems/2.1.0/gems/railties-4.1.6/lib/rails/templates/rails/welcome/index.html.erb (0.1ms)
Completed 200 OK in 3ms (Views: 2.6ms | ActiveRecord: 0.0ms)


Started GET "/path" for 127.0.0.1 at 2015-01-04 01:26:57 +0800

ActionController::RoutingError (uninitialized constant CController):
  activesupport (4.1.6) lib/active_support/inflector/methods.rb:238:in `const_get'
  activesupport (4.1.6) lib/active_support/inflector/methods.rb:238:in `block in constantize'
  activesupport (4.1.6) lib/active_support/inflector/methods.rb:236:in `each'
  activesupport (4.1.6) lib/active_support/inflector/methods.rb:236:in `inject'
  activesupport (4.1.6) lib/active_support/inflector/methods.rb:236:in `constantize'
  actionpack (4.1.6) lib/action_dispatch/routing/route_set.rb:78:in `controller_reference'
  actionpack (4.1.6) lib/action_dispatch/routing/route_set.rb:68:in `controller'
  actionpack (4.1.6) lib/action_dispatch/routing/route_set.rb:46:in `call'
  actionpack (4.1.6) lib/action_dispatch/journey/router.rb:73:in `block in call'
  actionpack (4.1.6) lib/action_dispatch/journey/router.rb:59:in `each'
  actionpack (4.1.6) lib/action_dispatch/journey/router.rb:59:in `call'
  actionpack (4.1.6) lib/action_dispatch/routing/route_set.rb:678:in `call'
  rack (1.5.2) lib/rack/etag.rb:23:in `call'
  rack (1.5.2) lib/rack/conditionalget.rb:25:in `call'
  rack (1.5.2) lib/rack/head.rb:11:in `call'
  actionpack (4.1.6) lib/action_dispatch/middleware/params_parser.rb:27:in `call'
  actionpack (4.1.6) lib/action_dispatch/middleware/flash.rb:254:in `call'
  rack (1.5.2) lib/rack/session/abstract/id.rb:225:in `context'
  rack (1.5.2) lib/rack/session/abstract/id.rb:220:in `call'
  actionpack (4.1.6) lib/action_dispatch/middleware/cookies.rb:560:in `call'
  activerecord (4.1.6) lib/active_record/query_cache.rb:36:in `call'
  activerecord (4.1.6) lib/active_record/connection_adapters/abstract/connection_pool.rb:621:in `call'
  activerecord (4.1.6) lib/active_record/migration.rb:380:in `call'
  actionpack (4.1.6) lib/action_dispatch/middleware/callbacks.rb:29:in `block in call'
  activesupport (4.1.6) lib/active_support/callbacks.rb:82:in `run_callbacks'
  actionpack (4.1.6) lib/action_dispatch/middleware/callbacks.rb:27:in `call'
  actionpack (4.1.6) lib/action_dispatch/middleware/reloader.rb:73:in `call'
  actionpack (4.1.6) lib/action_dispatch/middleware/remote_ip.rb:76:in `call'
  actionpack (4.1.6) lib/action_dispatch/middleware/debug_exceptions.rb:17:in `call'
  actionpack (4.1.6) lib/action_dispatch/middleware/show_exceptions.rb:30:in `call'
  railties (4.1.6) lib/rails/rack/logger.rb:38:in `call_app'
  railties (4.1.6) lib/rails/rack/logger.rb:20:in `block in call'
  activesupport (4.1.6) lib/active_support/tagged_logging.rb:68:in `block in tagged'
  activesupport (4.1.6) lib/active_support/tagged_logging.rb:26:in `tagged'
  activesupport (4.1.6) lib/active_support/tagged_logging.rb:68:in `tagged'
  railties (4.1.6) lib/rails/rack/logger.rb:20:in `call'
  actionpack (4.1.6) lib/action_dispatch/middleware/request_id.rb:21:in `call'
  rack (1.5.2) lib/rack/methodoverride.rb:21:in `call'
  rack (1.5.2) lib/rack/runtime.rb:17:in `call'
  activesupport (4.1.6) lib/active_support/cache/strategy/local_cache_middleware.rb:26:in `call'
  rack (1.5.2) lib/rack/lock.rb:17:in `call'
  actionpack (4.1.6) lib/action_dispatch/middleware/static.rb:64:in `call'
  rack (1.5.2) lib/rack/sendfile.rb:112:in `call'
  railties (4.1.6) lib/rails/engine.rb:514:in `call'
  railties (4.1.6) lib/rails/application.rb:144:in `call'
  rack-test (0.6.2) lib/rack/mock_session.rb:30:in `request'
  rack-test (0.6.2) lib/rack/test.rb:230:in `process_request'
  rack-test (0.6.2) lib/rack/test.rb:123:in `request'
  actionpack (4.1.6) lib/action_dispatch/testing/integration.rb:309:in `process'
  actionpack (4.1.6) lib/action_dispatch/testing/integration.rb:32:in `get'
  (irb):1:in `irb_binding'
  /Users/xieyunzi/.rvm/rubies/ruby-2.1.3/lib/ruby/2.1.0/irb/workspace.rb:86:in `eval'
  /Users/xieyunzi/.rvm/rubies/ruby-2.1.3/lib/ruby/2.1.0/irb/workspace.rb:86:in `evaluate'
  /Users/xieyunzi/.rvm/rubies/ruby-2.1.3/lib/ruby/2.1.0/irb/context.rb:380:in `evaluate'
  /Users/xieyunzi/.rvm/rubies/ruby-2.1.3/lib/ruby/2.1.0/irb.rb:492:in `block (2 levels) in eval_input'
  /Users/xieyunzi/.rvm/rubies/ruby-2.1.3/lib/ruby/2.1.0/irb.rb:624:in `signal_status'
  /Users/xieyunzi/.rvm/rubies/ruby-2.1.3/lib/ruby/2.1.0/irb.rb:489:in `block in eval_input'
  /Users/xieyunzi/.rvm/rubies/ruby-2.1.3/lib/ruby/2.1.0/irb/ruby-lex.rb:247:in `block (2 levels) in each_top_level_statement'
  /Users/xieyunzi/.rvm/rubies/ruby-2.1.3/lib/ruby/2.1.0/irb/ruby-lex.rb:233:in `loop'
  /Users/xieyunzi/.rvm/rubies/ruby-2.1.3/lib/ruby/2.1.0/irb/ruby-lex.rb:233:in `block in each_top_level_statement'
  /Users/xieyunzi/.rvm/rubies/ruby-2.1.3/lib/ruby/2.1.0/irb/ruby-lex.rb:232:in `catch'
  /Users/xieyunzi/.rvm/rubies/ruby-2.1.3/lib/ruby/2.1.0/irb/ruby-lex.rb:232:in `each_top_level_statement'
  /Users/xieyunzi/.rvm/rubies/ruby-2.1.3/lib/ruby/2.1.0/irb.rb:488:in `eval_input'
  /Users/xieyunzi/.rvm/rubies/ruby-2.1.3/lib/ruby/2.1.0/irb.rb:397:in `block in start'
  /Users/xieyunzi/.rvm/rubies/ruby-2.1.3/lib/ruby/2.1.0/irb.rb:396:in `catch'
  /Users/xieyunzi/.rvm/rubies/ruby-2.1.3/lib/ruby/2.1.0/irb.rb:396:in `start'
  railties (4.1.6) lib/rails/commands/console.rb:90:in `start'
  railties (4.1.6) lib/rails/commands/console.rb:9:in `start'
  railties (4.1.6) lib/rails/commands/commands_tasks.rb:69:in `console'
  railties (4.1.6) lib/rails/commands/commands_tasks.rb:40:in `run_command!'
  railties (4.1.6) lib/rails/commands.rb:17:in `<top (required)>'
  bin/rails:8:in `<top (required)>'
  /Users/xieyunzi/.rvm/rubies/ruby-2.1.3/lib/ruby/2.1.0/rubygems/core_ext/kernel_require.rb:55:in `require'
  /Users/xieyunzi/.rvm/rubies/ruby-2.1.3/lib/ruby/2.1.0/rubygems/core_ext/kernel_require.rb:55:in `require'
  -e:1:in `<main>'


  Rendered /Users/xieyunzi/.rvm/rubies/ruby-2.1.3/lib/ruby/gems/2.1.0/gems/actionpack-4.1.6/lib/action_dispatch/middleware/templates/rescues/_trace.html.erb (1.8ms)
  Rendered /Users/xieyunzi/.rvm/rubies/ruby-2.1.3/lib/ruby/gems/2.1.0/gems/actionpack-4.1.6/lib/action_dispatch/middleware/templates/routes/_route.html.erb (1.0ms)
  Rendered /Users/xieyunzi/.rvm/rubies/ruby-2.1.3/lib/ruby/gems/2.1.0/gems/actionpack-4.1.6/lib/action_dispatch/middleware/templates/routes/_table.html.erb (10.0ms)
  Rendered /Users/xieyunzi/.rvm/rubies/ruby-2.1.3/lib/ruby/gems/2.1.0/gems/actionpack-4.1.6/lib/action_dispatch/middleware/templates/rescues/routing_error.html.erb within rescues/layout (42.2ms)
  [1m[36m (9.4ms)[0m  [1mCREATE TABLE "schema_migrations" ("version" varchar NOT NULL) [0m
  [1m[35m (0.3ms)[0m  select sqlite_version(*)
  [1m[36m (8.9ms)[0m  [1mCREATE UNIQUE INDEX "unique_schema_migrations" ON "schema_migrations" ("version")[0m
  [1m[35mActiveRecord::SchemaMigration Load (1.9ms)[0m  SELECT "schema_migrations".* FROM "schema_migrations"
Migrating to CreateNotifications (20150317132532)
  [1m[36m (0.1ms)[0m  [1mbegin transaction[0m
  [1m[35m (0.1ms)[0m  rollback transaction
  [1m[36mActiveRecord::SchemaMigration Load (2.0ms)[0m  [1mSELECT "schema_migrations".* FROM "schema_migrations"[0m
Migrating to CreateNotifications (20150317132532)
  [1m[35m (0.1ms)[0m  begin transaction
  [1m[36m (3.0ms)[0m  [1mCREATE TABLE "notifications" ("id" varchar, "unread" varchar, "type" varchar, "date" date, "data" text, "member_creator_id" varchar, "board_id" varchar, "card_id" varchar, "created_at" datetime NOT NULL, "updated_at" datetime NOT NULL) [0m
  [1m[35m (0.1ms)[0m  select sqlite_version(*)
  [1m[36m (0.1ms)[0m  [1mCREATE  INDEX "index_notifications_on_id" ON "notifications" ("id")[0m
  [1m[35mSQL (0.3ms)[0m  INSERT INTO "schema_migrations" ("version") VALUES (?)  [["version", "20150317132532"]]
  [1m[36m (14.4ms)[0m  [1mcommit transaction[0m
Migrating to CreateMembers (20150317140216)
  [1m[35m (0.1ms)[0m  begin transaction
  [1m[36m (4.7ms)[0m  [1mCREATE TABLE "members" ("id" varchar, "username" varchar, "email" varchar, "full_name" varchar, "initials" varchar, "avatar_id" varchar, "bio" varchar, "url" varchar, "created_at" datetime NOT NULL, "updated_at" datetime NOT NULL) [0m
  [1m[35m (0.2ms)[0m  CREATE  INDEX "index_members_on_id" ON "members" ("id")
  [1m[36mSQL (0.1ms)[0m  [1mINSERT INTO "schema_migrations" ("version") VALUES (?)[0m  [["version", "20150317140216"]]
  [1m[35m (14.2ms)[0m  commit transaction
Migrating to CreateBoards (20150317141213)
  [1m[36m (0.1ms)[0m  [1mbegin transaction[0m
  [1m[35m (2.9ms)[0m  CREATE TABLE "boards" ("id" varchar, "shortLink" varchar, "name" varchar, "created_at" datetime NOT NULL, "updated_at" datetime NOT NULL) 
  [1m[36m (0.2ms)[0m  [1mCREATE  INDEX "index_boards_on_id" ON "boards" ("id")[0m
  [1m[35mSQL (0.1ms)[0m  INSERT INTO "schema_migrations" ("version") VALUES (?)  [["version", "20150317141213"]]
  [1m[36m (6.9ms)[0m  [1mcommit transaction[0m
Migrating to CreateCards (20150317141221)
  [1m[35m (0.1ms)[0m  begin transaction
  [1m[36m (3.4ms)[0m  [1mCREATE TABLE "cards" ("id" varchar, "shortLink" varchar, "idShort" varchar, "name" varchar, "created_at" datetime NOT NULL, "updated_at" datetime NOT NULL) [0m
  [1m[35m (0.3ms)[0m  CREATE  INDEX "index_cards_on_id" ON "cards" ("id")
  [1m[36mSQL (0.2ms)[0m  [1mINSERT INTO "schema_migrations" ("version") VALUES (?)[0m  [["version", "20150317141221"]]
  [1m[35m (12.0ms)[0m  commit transaction
  [1m[36mActiveRecord::SchemaMigration Load (2.1ms)[0m  [1mSELECT "schema_migrations".* FROM "schema_migrations"[0m
  [1m[35m (5.8ms)[0m              SELECT sql
            FROM sqlite_master
            WHERE name='index_boards_on_id' AND type='index'
            UNION ALL
            SELECT sql
            FROM sqlite_temp_master
            WHERE name='index_boards_on_id' AND type='index'

  [1m[36m (2.5ms)[0m  [1m            SELECT sql
            FROM sqlite_master
            WHERE name='index_cards_on_id' AND type='index'
            UNION ALL
            SELECT sql
            FROM sqlite_temp_master
            WHERE name='index_cards_on_id' AND type='index'
[0m
  [1m[35m (2.8ms)[0m              SELECT sql
            FROM sqlite_master
            WHERE name='index_members_on_id' AND type='index'
            UNION ALL
            SELECT sql
            FROM sqlite_temp_master
            WHERE name='index_members_on_id' AND type='index'

  [1m[36m (2.2ms)[0m  [1m            SELECT sql
            FROM sqlite_master
            WHERE name='index_notifications_on_id' AND type='index'
            UNION ALL
            SELECT sql
            FROM sqlite_temp_master
            WHERE name='index_notifications_on_id' AND type='index'
[0m
  [1m[36mActiveRecord::SchemaMigration Load (1.9ms)[0m  [1mSELECT "schema_migrations".* FROM "schema_migrations"[0m
  [1m[35mActiveRecord::SchemaMigration Load (2.3ms)[0m  SELECT "schema_migrations".* FROM "schema_migrations"
Migrating to CreateCards (20150317141221)
  [1m[36m (0.1ms)[0m  [1mbegin transaction[0m
  [1m[35m (5.7ms)[0m  DROP TABLE "cards"
  [1m[36mSQL (0.2ms)[0m  [1mDELETE FROM "schema_migrations" WHERE "schema_migrations"."version" = ?[0m  [["version", "20150317141221"]]
  [1m[35m (13.5ms)[0m  commit transaction
  [1m[36mActiveRecord::SchemaMigration Load (1.9ms)[0m  [1mSELECT "schema_migrations".* FROM "schema_migrations"[0m
  [1m[35m (2.5ms)[0m              SELECT sql
            FROM sqlite_master
            WHERE name='index_boards_on_id' AND type='index'
            UNION ALL
            SELECT sql
            FROM sqlite_temp_master
            WHERE name='index_boards_on_id' AND type='index'

  [1m[36m (2.1ms)[0m  [1m            SELECT sql
            FROM sqlite_master
            WHERE name='index_members_on_id' AND type='index'
            UNION ALL
            SELECT sql
            FROM sqlite_temp_master
            WHERE name='index_members_on_id' AND type='index'
[0m
  [1m[35m (2.0ms)[0m              SELECT sql
            FROM sqlite_master
            WHERE name='index_notifications_on_id' AND type='index'
            UNION ALL
            SELECT sql
            FROM sqlite_temp_master
            WHERE name='index_notifications_on_id' AND type='index'

  [1m[36m (8.9ms)[0m  [1mCREATE TABLE "boards" ("id" varchar, "shortLink" varchar, "name" varchar, "created_at" datetime NOT NULL, "updated_at" datetime NOT NULL) [0m
  [1m[35m (0.1ms)[0m  select sqlite_version(*)
  [1m[36m (12.0ms)[0m  [1mCREATE  INDEX "index_boards_on_id" ON "boards" ("id")[0m
  [1m[35m (8.4ms)[0m  CREATE TABLE "members" ("id" varchar, "username" varchar, "email" varchar, "full_name" varchar, "initials" varchar, "avatar_id" varchar, "bio" varchar, "url" varchar, "created_at" datetime NOT NULL, "updated_at" datetime NOT NULL) 
  [1m[36m (8.7ms)[0m  [1mCREATE  INDEX "index_members_on_id" ON "members" ("id")[0m
  [1m[35m (9.1ms)[0m  CREATE TABLE "notifications" ("id" varchar, "unread" varchar, "type" varchar, "date" date, "data" text, "member_creator_id" varchar, "board_id" varchar, "card_id" varchar, "created_at" datetime NOT NULL, "updated_at" datetime NOT NULL) 
  [1m[36m (9.5ms)[0m  [1mCREATE  INDEX "index_notifications_on_id" ON "notifications" ("id")[0m
  [1m[35m (7.4ms)[0m  CREATE TABLE "schema_migrations" ("version" varchar NOT NULL) 
  [1m[36m (9.3ms)[0m  [1mCREATE UNIQUE INDEX "unique_schema_migrations" ON "schema_migrations" ("version")[0m
  [1m[35m (3.6ms)[0m  SELECT version FROM "schema_migrations"
  [1m[36m (10.1ms)[0m  [1mINSERT INTO "schema_migrations" (version) VALUES ('20150317141213')[0m
  [1m[35m (11.8ms)[0m  INSERT INTO "schema_migrations" (version) VALUES ('20150317132532')
  [1m[36m (8.8ms)[0m  [1mINSERT INTO "schema_migrations" (version) VALUES ('20150317140216')[0m
  [1m[35m (15.5ms)[0m  CREATE TABLE "boards" ("id" varchar, "shortLink" varchar, "name" varchar, "created_at" datetime NOT NULL, "updated_at" datetime NOT NULL) 
  [1m[36m (0.2ms)[0m  [1mselect sqlite_version(*)[0m
  [1m[35m (15.2ms)[0m  CREATE  INDEX "index_boards_on_id" ON "boards" ("id")
  [1m[36m (15.9ms)[0m  [1mCREATE TABLE "members" ("id" varchar, "username" varchar, "email" varchar, "full_name" varchar, "initials" varchar, "avatar_id" varchar, "bio" varchar, "url" varchar, "created_at" datetime NOT NULL, "updated_at" datetime NOT NULL) [0m
  [1m[35m (9.5ms)[0m  CREATE  INDEX "index_members_on_id" ON "members" ("id")
  [1m[36m (8.3ms)[0m  [1mCREATE TABLE "notifications" ("id" varchar, "unread" varchar, "type" varchar, "date" date, "data" text, "member_creator_id" varchar, "board_id" varchar, "card_id" varchar, "created_at" datetime NOT NULL, "updated_at" datetime NOT NULL) [0m
  [1m[35m (11.1ms)[0m  CREATE  INDEX "index_notifications_on_id" ON "notifications" ("id")
  [1m[36m (7.9ms)[0m  [1mCREATE TABLE "schema_migrations" ("version" varchar NOT NULL) [0m
  [1m[35m (11.6ms)[0m  CREATE UNIQUE INDEX "unique_schema_migrations" ON "schema_migrations" ("version")
  [1m[36m (2.4ms)[0m  [1mSELECT version FROM "schema_migrations"[0m
  [1m[35m (7.9ms)[0m  INSERT INTO "schema_migrations" (version) VALUES ('20150317141213')
  [1m[36m (8.2ms)[0m  [1mINSERT INTO "schema_migrations" (version) VALUES ('20150317132532')[0m
  [1m[35m (15.8ms)[0m  INSERT INTO "schema_migrations" (version) VALUES ('20150317140216')
  [1m[36mActiveRecord::SchemaMigration Load (2.7ms)[0m  [1mSELECT "schema_migrations".* FROM "schema_migrations"[0m
  [1m[36m (7.6ms)[0m  [1mCREATE TABLE "schema_migrations" ("version" varchar NOT NULL) [0m
  [1m[35m (0.1ms)[0m  select sqlite_version(*)
  [1m[36m (7.3ms)[0m  [1mCREATE UNIQUE INDEX "unique_schema_migrations" ON "schema_migrations" ("version")[0m
  [1m[35mActiveRecord::SchemaMigration Load (2.1ms)[0m  SELECT "schema_migrations".* FROM "schema_migrations"
Migrating to CreateNotifications (20150317132532)
  [1m[36m (0.1ms)[0m  [1mbegin transaction[0m
  [1m[35m (2.7ms)[0m  CREATE TABLE "notifications" ("id" INTEGER PRIMARY KEY AUTOINCREMENT NOT NULL, "unread" varchar, "type" varchar, "date" date, "data" text, "member_creator_id" varchar, "board_id" varchar, "card_id" varchar, "created_at" datetime NOT NULL, "updated_at" datetime NOT NULL) 
  [1m[36m (0.1ms)[0m  [1mCREATE  INDEX "index_notifications_on_id" ON "notifications" ("id")[0m
  [1m[35mSQL (0.2ms)[0m  INSERT INTO "schema_migrations" ("version") VALUES (?)  [["version", "20150317132532"]]
  [1m[36m (4.6ms)[0m  [1mcommit transaction[0m
Migrating to CreateMembers (20150317140216)
  [1m[35m (0.2ms)[0m  begin transaction
  [1m[36m (2.6ms)[0m  [1mCREATE TABLE "members" ("id" INTEGER PRIMARY KEY AUTOINCREMENT NOT NULL, "username" varchar, "email" varchar, "full_name" varchar, "initials" varchar, "avatar_id" varchar, "bio" varchar, "url" varchar, "created_at" datetime NOT NULL, "updated_at" datetime NOT NULL) [0m
  [1m[35m (0.2ms)[0m  CREATE  INDEX "index_members_on_id" ON "members" ("id")
  [1m[36mSQL (0.1ms)[0m  [1mINSERT INTO "schema_migrations" ("version") VALUES (?)[0m  [["version", "20150317140216"]]
  [1m[35m (5.6ms)[0m  commit transaction
Migrating to CreateBoards (20150317141213)
  [1m[36m (0.1ms)[0m  [1mbegin transaction[0m
  [1m[35m (2.5ms)[0m  CREATE TABLE "boards" ("id" INTEGER PRIMARY KEY AUTOINCREMENT NOT NULL, "shortLink" varchar, "name" varchar, "created_at" datetime NOT NULL, "updated_at" datetime NOT NULL) 
  [1m[36m (0.1ms)[0m  [1mCREATE  INDEX "index_boards_on_id" ON "boards" ("id")[0m
  [1m[35mSQL (0.7ms)[0m  INSERT INTO "schema_migrations" ("version") VALUES (?)  [["version", "20150317141213"]]
  [1m[36m (13.4ms)[0m  [1mcommit transaction[0m
Migrating to CreateCards (20150317141221)
  [1m[35m (0.1ms)[0m  begin transaction
  [1m[36m (6.6ms)[0m  [1mCREATE TABLE "cards" ("id" INTEGER PRIMARY KEY AUTOINCREMENT NOT NULL, "shortLink" varchar, "idShort" varchar, "name" varchar, "created_at" datetime NOT NULL, "updated_at" datetime NOT NULL) [0m
  [1m[35m (0.1ms)[0m  CREATE  INDEX "index_cards_on_id" ON "cards" ("id")
  [1m[36mSQL (0.2ms)[0m  [1mINSERT INTO "schema_migrations" ("version") VALUES (?)[0m  [["version", "20150317141221"]]
  [1m[35m (9.1ms)[0m  commit transaction
  [1m[36mActiveRecord::SchemaMigration Load (2.6ms)[0m  [1mSELECT "schema_migrations".* FROM "schema_migrations"[0m
  [1m[35m (2.1ms)[0m              SELECT sql
            FROM sqlite_master
            WHERE name='index_boards_on_id' AND type='index'
            UNION ALL
            SELECT sql
            FROM sqlite_temp_master
            WHERE name='index_boards_on_id' AND type='index'

  [1m[36m (1.9ms)[0m  [1m            SELECT sql
            FROM sqlite_master
            WHERE name='index_cards_on_id' AND type='index'
            UNION ALL
            SELECT sql
            FROM sqlite_temp_master
            WHERE name='index_cards_on_id' AND type='index'
[0m
  [1m[35m (1.9ms)[0m              SELECT sql
            FROM sqlite_master
            WHERE name='index_members_on_id' AND type='index'
            UNION ALL
            SELECT sql
            FROM sqlite_temp_master
            WHERE name='index_members_on_id' AND type='index'

  [1m[36m (4.6ms)[0m  [1m            SELECT sql
            FROM sqlite_master
            WHERE name='index_notifications_on_id' AND type='index'
            UNION ALL
            SELECT sql
            FROM sqlite_temp_master
            WHERE name='index_notifications_on_id' AND type='index'
[0m
